2014-09-17 16:45:00,478 INFO  [Log4j] - New driver created !
2014-09-17 16:45:02,842 INFO  [Log4j] - Logged on PLF !
2014-09-17 16:45:03,655 INFO  [Log4j] - Calendar open !
2014-09-17 16:45:04,341 INFO  [Log4j] - Open quick event form by right click !
2014-09-17 16:45:04,515 INFO  [Log4j] - Event created !
2014-09-17 16:45:06,704 INFO  [Log4j] - Data cleaned !
2014-09-17 16:45:06,704 INFO  [Log4j] - Test 1 passed !
2014-09-17 16:45:07,193 INFO  [Log4j] - Open new event form !
2014-09-17 16:45:07,665 INFO  [Log4j] - Open more details form !
2014-09-17 16:45:07,699 INFO  [Log4j] - Check !
2014-09-17 16:45:07,904 INFO  [Log4j] - open reminders tabs !
2014-09-17 16:45:07,926 INFO  [Log4j] - Check !
2014-09-17 16:45:08,116 INFO  [Log4j] - open participants tabs !
2014-09-17 16:45:08,142 INFO  [Log4j] - Check !
2014-09-17 16:45:08,354 INFO  [Log4j] - open schedule tabs !
2014-09-17 16:45:08,380 INFO  [Log4j] - Check !
2014-09-17 16:45:08,542 INFO  [Log4j] - Event created !
2014-09-17 16:45:09,261 INFO  [Log4j] - Check !
2014-09-17 16:45:10,111 INFO  [Log4j] - Data cleared !
2014-09-17 16:45:10,111 INFO  [Log4j] - Test 2 passed !
2014-09-17 16:45:10,638 INFO  [Log4j] - Open new event form !
2014-09-17 16:45:10,793 INFO  [Log4j] - Check all day option !
2014-09-17 16:45:10,991 INFO  [Log4j] - Event created !
2014-09-17 16:45:11,795 INFO  [Log4j] - Check !
2014-09-17 16:45:12,466 INFO  [Log4j] - Data cleared !
2014-09-17 16:45:12,466 INFO  [Log4j] - Test 3 passed !
2014-09-17 16:45:12,900 INFO  [Log4j] - Option box opened !
2014-09-17 16:45:13,032 INFO  [Log4j] - add event category form opened !
2014-09-17 16:45:13,787 INFO  [Log4j] - Delete all category check !
2014-09-17 16:45:14,000 INFO  [Log4j] - alert window closed !
2014-09-17 16:45:14,295 INFO  [Log4j] - Test 4 passed !
2014-09-17 16:45:14,598 INFO  [Log4j] - add event form opened !
2014-09-17 16:45:15,089 INFO  [Log4j] - more details tabs displayed !
2014-09-17 16:45:15,566 INFO  [Log4j] - High priority event created !
2014-09-17 16:45:16,205 INFO  [Log4j] - Check !
2014-09-17 16:45:16,922 INFO  [Log4j] - Data cleared !
2014-09-17 16:45:17,521 INFO  [Log4j] - add event form opened !
2014-09-17 16:45:18,003 INFO  [Log4j] - more details tabs displayed !
2014-09-17 16:45:18,586 INFO  [Log4j] - Normal priority event created !
2014-09-17 16:45:19,269 INFO  [Log4j] - Check !
2014-09-17 16:45:20,044 INFO  [Log4j] - Data cleared !
2014-09-17 16:45:20,515 INFO  [Log4j] - add event form opened !
2014-09-17 16:45:20,998 INFO  [Log4j] - more details tabs displayed !
2014-09-17 16:45:21,547 INFO  [Log4j] - Low priority event created !
2014-09-17 16:45:22,202 INFO  [Log4j] - Check !
2014-09-17 16:45:23,002 INFO  [Log4j] - Data cleared !
2014-09-17 16:45:23,003 INFO  [Log4j] - Test 5 passed !
2014-09-17 16:45:23,466 INFO  [Log4j] - Add event form opened !
2014-09-17 16:45:23,689 INFO  [Log4j] - event created !
2014-09-17 16:45:24,095 INFO  [Log4j] - Add event form opened !
2014-09-17 16:45:24,356 INFO  [Log4j] - event created !
2014-09-17 16:45:24,744 INFO  [Log4j] - Check !
2014-09-17 16:45:26,177 INFO  [Log4j] - Calendar closed !
